c:\users\user\onedrive - universiti tunku abdul rahman\desktop\uccc2513.leung-20230711t141133z-001\uccc2513.leung\project1\project1\x64\debug\vc143.pdb
c:\users\user\onedrive - universiti tunku abdul rahman\desktop\uccc2513.leung-20230711t141133z-001\uccc2513.leung\project1\project1\x64\debug\vc143.idb
c:\users\user\onedrive - universiti tunku abdul rahman\desktop\uccc2513.leung-20230711t141133z-001\uccc2513.leung\project1\project1\x64\debug\supp.obj
c:\users\user\onedrive - universiti tunku abdul rahman\desktop\uccc2513.leung-20230711t141133z-001\uccc2513.leung\project1\project1\x64\debug\sgwlibrary.obj
c:\users\user\onedrive - universiti tunku abdul rahman\desktop\uccc2513.leung-20230711t141133z-001\uccc2513.leung\project1\project1\x64\debug\preliminary segmentation.obj
c:\users\user\onedrive - universiti tunku abdul rahman\desktop\uccc2513.leung-20230711t141133z-001\uccc2513.leung\project1\project1\x64\debug\initial version.obj
c:\users\user\onedrive - universiti tunku abdul rahman\desktop\uccc2513.leung-20230711t141133z-001\uccc2513.leung\project1\project1\x64\debug\segmentation(with kalman filter).obj
c:\users\user\onedrive - universiti tunku abdul rahman\desktop\uccc2513.leung-20230711t141133z-001\uccc2513.leung\project1\project1\x64\debug\preliminary segmentation.obj.enc
c:\users\user\onedrive - universiti tunku abdul rahman\desktop\uccc2513.leung-20230711t141133z-001\uccc2513.leung\project1\x64\debug\project1.pdb
c:\users\user\onedrive - universiti tunku abdul rahman\desktop\uccc2513.leung-20230711t141133z-001\uccc2513.leung\project1\project1\x64\debug\project1.tlog\cl.command.1.tlog
c:\users\user\onedrive - universiti tunku abdul rahman\desktop\uccc2513.leung-20230711t141133z-001\uccc2513.leung\project1\project1\x64\debug\project1.tlog\cl.items.tlog
c:\users\user\onedrive - universiti tunku abdul rahman\desktop\uccc2513.leung-20230711t141133z-001\uccc2513.leung\project1\project1\x64\debug\project1.tlog\cl.read.1.tlog
c:\users\user\onedrive - universiti tunku abdul rahman\desktop\uccc2513.leung-20230711t141133z-001\uccc2513.leung\project1\project1\x64\debug\project1.tlog\cl.write.1.tlog
c:\users\user\onedrive - universiti tunku abdul rahman\desktop\uccc2513.leung-20230711t141133z-001\uccc2513.leung\project1\project1\x64\debug\project1.tlog\link-cvtres.read.1.tlog
c:\users\user\onedrive - universiti tunku abdul rahman\desktop\uccc2513.leung-20230711t141133z-001\uccc2513.leung\project1\project1\x64\debug\project1.tlog\link-cvtres.write.1.tlog
c:\users\user\onedrive - universiti tunku abdul rahman\desktop\uccc2513.leung-20230711t141133z-001\uccc2513.leung\project1\project1\x64\debug\project1.tlog\link-rc.read.1.tlog
c:\users\user\onedrive - universiti tunku abdul rahman\desktop\uccc2513.leung-20230711t141133z-001\uccc2513.leung\project1\project1\x64\debug\project1.tlog\link-rc.write.1.tlog
c:\users\user\onedrive - universiti tunku abdul rahman\desktop\uccc2513.leung-20230711t141133z-001\uccc2513.leung\project1\project1\x64\debug\project1.tlog\link.22972-cvtres.read.1.tlog
c:\users\user\onedrive - universiti tunku abdul rahman\desktop\uccc2513.leung-20230711t141133z-001\uccc2513.leung\project1\project1\x64\debug\project1.tlog\link.22972-cvtres.write.1.tlog
c:\users\user\onedrive - universiti tunku abdul rahman\desktop\uccc2513.leung-20230711t141133z-001\uccc2513.leung\project1\project1\x64\debug\project1.tlog\link.22972-rc.read.1.tlog
c:\users\user\onedrive - universiti tunku abdul rahman\desktop\uccc2513.leung-20230711t141133z-001\uccc2513.leung\project1\project1\x64\debug\project1.tlog\link.22972-rc.write.1.tlog
c:\users\user\onedrive - universiti tunku abdul rahman\desktop\uccc2513.leung-20230711t141133z-001\uccc2513.leung\project1\project1\x64\debug\project1.tlog\link.22972.read.1.tlog
c:\users\user\onedrive - universiti tunku abdul rahman\desktop\uccc2513.leung-20230711t141133z-001\uccc2513.leung\project1\project1\x64\debug\project1.tlog\link.22972.read.2.tlog
c:\users\user\onedrive - universiti tunku abdul rahman\desktop\uccc2513.leung-20230711t141133z-001\uccc2513.leung\project1\project1\x64\debug\project1.tlog\link.22972.write.1.tlog
c:\users\user\onedrive - universiti tunku abdul rahman\desktop\uccc2513.leung-20230711t141133z-001\uccc2513.leung\project1\project1\x64\debug\project1.tlog\link.command.1.tlog
c:\users\user\onedrive - universiti tunku abdul rahman\desktop\uccc2513.leung-20230711t141133z-001\uccc2513.leung\project1\project1\x64\debug\project1.tlog\link.read.1.tlog
c:\users\user\onedrive - universiti tunku abdul rahman\desktop\uccc2513.leung-20230711t141133z-001\uccc2513.leung\project1\project1\x64\debug\project1.tlog\link.read.2.tlog
c:\users\user\onedrive - universiti tunku abdul rahman\desktop\uccc2513.leung-20230711t141133z-001\uccc2513.leung\project1\project1\x64\debug\project1.tlog\link.write.1.tlog
